#
# There is insufficient memory for the Java Runtime Environment to continue.
# Native memory allocation (malloc) failed to allocate 1084176 bytes for Chunk::new
# Possible reasons:
#   The system is out of physical RAM or swap space
#   The process is running with CompressedOops enabled, and the Java Heap may be blocking the growth of the native heap
# Possible solutions:
#   Reduce memory load on the system
#   Increase physical memory or swap space
#   Check if swap backing store is full
#   Decrease Java heap size (-Xmx/-Xms)
#   Decrease number of Java threads
#   Decrease Java thread stack sizes (-Xss)
#   Set larger code cache with -XX:ReservedCodeCacheSize=
#   JVM is running with Unscaled Compressed Oops mode in which the Java heap is
#     placed in the first 4GB address space. The Java Heap base address is the
#     maximum limit for the native heap growth. Please use -XX:HeapBaseMinAddress
#     to set the Java Heap base and to place the Java Heap above 4GB virtual address.
# This output file may be truncated or incomplete.
#
#  Out of Memory Error (allocation.cpp:389), pid=2408, tid=0x0000000000004684
#
# JRE version: OpenJDK Runtime Environment (8.0_242-b01) (build 1.8.0_242-release-1644-b01)
# Java VM: OpenJDK 64-Bit Server VM (25.242-b01 mixed mode windows-amd64 compressed oops)
# Failed to write core dump. Minidumps are not enabled by default on client versions of Windows
#

---------------  T H R E A D  ---------------

Current thread (0x0000000019f13800):  JavaThread "C2 CompilerThread1" daemon [_thread_in_native, id=18052, stack(0x000000001a8f0000,0x000000001a9f0000)]

Stack: [0x000000001a8f0000,0x000000001a9f0000]
[error occurred during error reporting (printing stack bounds), id 0xc0000005]

Native frames: (J=compiled Java code, j=interpreted, Vv=VM code, C=native code)


Current CompileTask:
C2:  98777 8953   !   4       java.net.URL::<init> (543 bytes)


---------------  P R O C E S S  ---------------

Java Threads: ( => current thread )
  0x000000001d29e000 JavaThread "jar transforms Thread 117" [_thread_blocked, id=16992, stack(0x000000002bb20000,0x000000002bc20000)]
  0x000000001d29f800 JavaThread "jar transforms Thread 116" [_thread_blocked, id=15556, stack(0x000000002ba20000,0x000000002bb20000)]
  0x000000001d29e800 JavaThread "jar transforms Thread 115" [_thread_blocked, id=6108, stack(0x000000002b920000,0x000000002ba20000)]
  0x000000001d29c800 JavaThread "jar transforms Thread 114" [_thread_blocked, id=15696, stack(0x000000002b820000,0x000000002b920000)]
  0x000000001d29d000 JavaThread "jar transforms Thread 113" [_thread_blocked, id=10424, stack(0x000000002b720000,0x000000002b820000)]
  0x0000000020149000 JavaThread "jar transforms Thread 112" [_thread_blocked, id=6564, stack(0x000000002b620000,0x000000002b720000)]
  0x0000000020148800 JavaThread "jar transforms Thread 111" [_thread_blocked, id=4152, stack(0x000000002b520000,0x000000002b620000)]
  0x0000000020147800 JavaThread "jar transforms Thread 110" [_thread_blocked, id=11012, stack(0x000000002b420000,0x000000002b520000)]
  0x0000000020147000 JavaThread "jar transforms Thread 109" [_thread_blocked, id=12352, stack(0x000000002b320000,0x000000002b420000)]
  0x0000000020146000 JavaThread "jar transforms Thread 108" [_thread_blocked, id=22108, stack(0x000000002b220000,0x000000002b320000)]
  0x000000002013e800 JavaThread "jar transforms Thread 107" [_thread_blocked, id=22112, stack(0x000000002b120000,0x000000002b220000)]
  0x0000000020143000 JavaThread "jar transforms Thread 106" [_thread_blocked, id=22116, stack(0x000000002b020000,0x000000002b120000)]
  0x0000000020145800 JavaThread "jar transforms Thread 105" [_thread_blocked, id=22096, stack(0x000000002af20000,0x000000002b020000)]
  0x000000002013d800 JavaThread "jar transforms Thread 104" [_thread_blocked, id=22092, stack(0x000000002ae20000,0x000000002af20000)]
  0x0000000020144800 JavaThread "jar transforms Thread 103" [_thread_blocked, id=22064, stack(0x000000002ad20000,0x000000002ae20000)]
  0x0000000020143800 JavaThread "jar transforms Thread 102" [_thread_blocked, id=22072, stack(0x000000002ac20000,0x000000002ad20000)]
  0x0000000020142000 JavaThread "jar transforms Thread 101" [_thread_blocked, id=16488, stack(0x000000002ab20000,0x000000002ac20000)]
  0x000000002013a800 JavaThread "jar transforms Thread 100" [_thread_blocked, id=6212, stack(0x000000002aa20000,0x000000002ab20000)]
  0x0000000020141800 JavaThread "jar transforms Thread 99" [_thread_blocked, id=20740, stack(0x000000002a920000,0x000000002aa20000)]
  0x000000002013c000 JavaThread "jar transforms Thread 98" [_thread_blocked, id=9752, stack(0x000000002a820000,0x000000002a920000)]
  0x000000002013a000 JavaThread "jar transforms Thread 97" [_thread_blocked, id=6804, stack(0x000000002a720000,0x000000002a820000)]
  0x000000002013f000 JavaThread "jar transforms Thread 96" [_thread_blocked, id=22080, stack(0x000000002a620000,0x000000002a720000)]
  0x000000002013b800 JavaThread "jar transforms Thread 95" [_thread_blocked, id=2316, stack(0x000000002a520000,0x000000002a620000)]
  0x000000002013d000 JavaThread "jar transforms Thread 94" [_thread_blocked, id=9684, stack(0x000000002a420000,0x000000002a520000)]
  0x0000000020140800 JavaThread "jar transforms Thread 93" [_thread_blocked, id=13468, stack(0x000000002a320000,0x000000002a420000)]
  0x0000000020140000 JavaThread "jar transforms Thread 92" [_thread_blocked, id=13032, stack(0x000000002a220000,0x000000002a320000)]
  0x000000001caab800 JavaThread "jar transforms Thread 91" [_thread_blocked, id=21888, stack(0x000000002a120000,0x000000002a220000)]
  0x000000001caaa800 JavaThread "jar transforms Thread 90" [_thread_blocked, id=21996, stack(0x000000002a020000,0x000000002a120000)]
  0x000000001caaa000 JavaThread "jar transforms Thread 89" [_thread_blocked, id=4448, stack(0x0000000029f20000,0x000000002a020000)]
  0x000000001caa9000 JavaThread "jar transforms Thread 88" [_thread_blocked, id=2304, stack(0x0000000029d20000,0x0000000029e20000)]
  0x000000001caa6000 JavaThread "jar transforms Thread 87" [_thread_blocked, id=8940, stack(0x0000000029c20000,0x0000000029d20000)]
  0x000000001caa8800 JavaThread "jar transforms Thread 86" [_thread_blocked, id=12336, stack(0x0000000029b20000,0x0000000029c20000)]
  0x000000001caa7800 JavaThread "jar transforms Thread 85" [_thread_blocked, id=7284, stack(0x0000000029a20000,0x0000000029b20000)]
  0x000000001caac000 JavaThread "jar transforms Thread 84" [_thread_blocked, id=21868, stack(0x0000000029920000,0x0000000029a20000)]
  0x000000001caa7000 JavaThread "jar transforms Thread 83" [_thread_blocked, id=21860, stack(0x0000000029820000,0x0000000029920000)]
  0x000000001caa4800 JavaThread "jar transforms Thread 82" [_thread_blocked, id=21588, stack(0x0000000029720000,0x0000000029820000)]
  0x000000001caa5800 JavaThread "jar transforms Thread 81" [_thread_blocked, id=16932, stack(0x0000000029620000,0x0000000029720000)]
  0x000000001ca9d000 JavaThread "jar transforms Thread 80" [_thread_blocked, id=21180, stack(0x0000000029520000,0x0000000029620000)]
  0x000000001caa4000 JavaThread "jar transforms Thread 79" [_thread_blocked, id=1348, stack(0x0000000029420000,0x0000000029520000)]
  0x000000001caa1800 JavaThread "jar transforms Thread 78" [_thread_blocked, id=22132, stack(0x0000000029320000,0x0000000029420000)]
  0x000000001caa1000 JavaThread "jar transforms Thread 77" [_thread_blocked, id=9648, stack(0x0000000029220000,0x0000000029320000)]
  0x000000001caa3000 JavaThread "jar transforms Thread 76" [_thread_blocked, id=7804, stack(0x0000000029120000,0x0000000029220000)]
  0x000000001caa2800 JavaThread "jar transforms Thread 75" [_thread_blocked, id=14932, stack(0x0000000029020000,0x0000000029120000)]
  0x000000001caa0000 JavaThread "jar transforms Thread 74" [_thread_blocked, id=18428, stack(0x0000000028f20000,0x0000000029020000)]
  0x000000001ca9e800 JavaThread "jar transforms Thread 73" [_thread_blocked, id=7312, stack(0x0000000028e20000,0x0000000028f20000)]
  0x000000001ca9e000 JavaThread "jar transforms Thread 72" [_thread_blocked, id=21780, stack(0x0000000028d20000,0x0000000028e20000)]
  0x000000001ca9f800 JavaThread "jar transforms Thread 71" [_thread_blocked, id=21204, stack(0x0000000028c20000,0x0000000028d20000)]
  0x000000001cbe9000 JavaThread "jar transforms Thread 70" [_thread_blocked, id=22084, stack(0x0000000028b20000,0x0000000028c20000)]
  0x000000001cbe8000 JavaThread "jar transforms Thread 69" [_thread_blocked, id=11604, stack(0x0000000028a20000,0x0000000028b20000)]
  0x000000001cbe7800 JavaThread "jar transforms Thread 68" [_thread_blocked, id=18616, stack(0x0000000028920000,0x0000000028a20000)]
  0x000000001cbeb000 JavaThread "jar transforms Thread 67" [_thread_blocked, id=14716, stack(0x0000000028820000,0x0000000028920000)]
  0x000000001cbe6800 JavaThread "jar transforms Thread 66" [_thread_blocked, id=13348, stack(0x0000000028720000,0x0000000028820000)]
  0x000000001cbe5800 JavaThread "jar transforms Thread 65" [_thread_blocked, id=19024, stack(0x0000000028620000,0x0000000028720000)]
  0x000000001cbec800 JavaThread "jar transforms Thread 64" [_thread_blocked, id=13860, stack(0x0000000028520000,0x0000000028620000)]
  0x000000001c2a6800 JavaThread "jar transforms Thread 63" [_thread_blocked, id=13964, stack(0x0000000028420000,0x0000000028520000)]
  0x000000001c2a6000 JavaThread "jar transforms Thread 62" [_thread_blocked, id=8368, stack(0x0000000028320000,0x0000000028420000)]
  0x000000001c2a5000 JavaThread "jar transforms Thread 61" [_thread_blocked, id=7136, stack(0x0000000028220000,0x0000000028320000)]
  0x000000001c2a7800 JavaThread "jar transforms Thread 60" [_thread_blocked, id=17004, stack(0x0000000028120000,0x0000000028220000)]
  0x000000001c2a4800 JavaThread "jar transforms Thread 59" [_thread_blocked, id=2420, stack(0x0000000028020000,0x0000000028120000)]
  0x000000001c29d000 JavaThread "jar transforms Thread 58" [_thread_blocked, id=21072, stack(0x0000000027f20000,0x0000000028020000)]
  0x000000001c2a3800 JavaThread "jar transforms Thread 57" [_thread_blocked, id=5576, stack(0x0000000027e20000,0x0000000027f20000)]
  0x000000001c2a0000 JavaThread "jar transforms Thread 56" [_thread_blocked, id=21988, stack(0x0000000027d20000,0x0000000027e20000)]
  0x000000001c29c000 JavaThread "jar transforms Thread 55" [_thread_blocked, id=21984, stack(0x0000000027c20000,0x0000000027d20000)]
  0x000000001c2a3000 JavaThread "jar transforms Thread 54" [_thread_blocked, id=21980, stack(0x0000000027b20000,0x0000000027c20000)]
  0x000000001c29f000 JavaThread "jar transforms Thread 53" [_thread_blocked, id=21944, stack(0x0000000027a20000,0x0000000027b20000)]
  0x000000001c2a2000 JavaThread "jar transforms Thread 52" [_thread_blocked, id=21936, stack(0x0000000027920000,0x0000000027a20000)]
  0x000000001c29a800 JavaThread "jar transforms Thread 51" [_thread_blocked, id=21940, stack(0x0000000023e00000,0x0000000023f00000)]
  0x000000001c2a0800 JavaThread "jar transforms Thread 50" [_thread_blocked, id=21912, stack(0x0000000023d00000,0x0000000023e00000)]
  0x000000001c29b800 JavaThread "jar transforms Thread 49" [_thread_blocked, id=21396, stack(0x0000000023b00000,0x0000000023c00000)]
  0x000000001c29d800 JavaThread "jar transforms Thread 48" [_thread_blocked, id=8752, stack(0x0000000023900000,0x0000000023a00000)]
  0x000000001c2a1800 JavaThread "jar transforms Thread 47" [_thread_blocked, id=21908, stack(0x0000000023800000,0x0000000023900000)]
  0x000000001c29e800 JavaThread "jar transforms Thread 46" [_thread_blocked, id=18608, stack(0x0000000023700000,0x0000000023800000)]
  0x000000001f4df800 JavaThread "jar transforms Thread 45" [_thread_blocked, id=11408, stack(0x0000000023500000,0x0000000023600000)]
  0x000000001f4e0000 JavaThread "jar transforms Thread 44" [_thread_blocked, id=832, stack(0x0000000023400000,0x0000000023500000)]
  0x000000001f4de800 JavaThread "jar transforms Thread 43" [_thread_blocked, id=13568, stack(0x0000000023300000,0x0000000023400000)]
  0x000000001f4de000 JavaThread "jar transforms Thread 42" [_thread_blocked, id=21044, stack(0x0000000023200000,0x0000000023300000)]
  0x000000001f4dc800 JavaThread "jar transforms Thread 41" [_thread_blocked, id=5516, stack(0x0000000023100000,0x0000000023200000)]
  0x000000001f4e1000 JavaThread "jar transforms Thread 40" [_thread_blocked, id=11780, stack(0x0000000023000000,0x0000000023100000)]
  0x000000001f4dd000 JavaThread "jar transforms Thread 39" [_thread_blocked, id=15972, stack(0x0000000022f00000,0x0000000023000000)]
  0x000000001f4d5000 JavaThread "jar transforms Thread 38" [_thread_blocked, id=16568, stack(0x0000000022e00000,0x0000000022f00000)]
  0x000000001f4db800 JavaThread "jar transforms Thread 37" [_thread_blocked, id=17220, stack(0x0000000022d00000,0x0000000022e00000)]
  0x000000001f4d4000 JavaThread "jar transforms Thread 36" [_thread_blocked, id=21756, stack(0x0000000022c00000,0x0000000022d00000)]
  0x000000001f4db000 JavaThread "jar transforms Thread 35" [_thread_blocked, id=22036, stack(0x0000000022b00000,0x0000000022c00000)]
  0x000000001f4d3800 JavaThread "jar transforms Thread 34" [_thread_blocked, id=16880, stack(0x0000000022a00000,0x0000000022b00000)]
  0x000000001f4da000 JavaThread "jar transforms Thread 33" [_thread_blocked, id=15000, stack(0x0000000022900000,0x0000000022a00000)]
  0x000000001f4d7000 JavaThread "jar transforms Thread 32" [_thread_blocked, id=20664, stack(0x0000000022800000,0x0000000022900000)]
  0x000000001f4d6800 JavaThread "jar transforms Thread 31" [_thread_blocked, id=15112, stack(0x00000000213b0000,0x00000000214b0000)]
  0x000000001f4d5800 JavaThread "jar transforms Thread 30" [_thread_blocked, id=17280, stack(0x00000000212b0000,0x00000000213b0000)]
  0x000000001f4d2800 JavaThread "jar transforms Thread 29" [_thread_blocked, id=8520, stack(0x00000000211b0000,0x00000000212b0000)]
  0x000000001f4d9800 JavaThread "jar transforms Thread 28" [_thread_blocked, id=18024, stack(0x00000000210b0000,0x00000000211b0000)]
  0x000000001f4d8800 JavaThread "jar transforms Thread 27" [_thread_blocked, id=19264, stack(0x000000001e810000,0x000000001e910000)]
  0x000000001f4d8000 JavaThread "jar transforms Thread 26" [_thread_blocked, id=10572, stack(0x00000000014e0000,0x00000000015e0000)]
  0x000000001cf3f800 JavaThread "Build operations Thread 8" [_thread_blocked, id=4216, stack(0x0000000027620000,0x0000000027720000)]
  0x000000001cf3e800 JavaThread "Build operations Thread 7" [_thread_blocked, id=22196, stack(0x0000000027520000,0x0000000027620000)]
  0x000000001cf37000 JavaThread "Build operations Thread 6" [_thread_blocked, id=16968, stack(0x0000000027420000,0x0000000027520000)]
  0x000000001cf3e000 JavaThread "Build operations Thread 5" [_thread_blocked, id=22148, stack(0x0000000027320000,0x0000000027420000)]
  0x000000001cf3d000 JavaThread "Build operations Thread 4" [_thread_blocked, id=22160, stack(0x0000000027220000,0x0000000027320000)]
  0x000000001cf3c800 JavaThread "Build operations Thread 3" [_thread_blocked, id=4960, stack(0x0000000027120000,0x0000000027220000)]
  0x000000001cf3b800 JavaThread "Build operations Thread 2" [_thread_blocked, id=22156, stack(0x0000000027020000,0x0000000027120000)]
  0x000000001cf35000 JavaThread "Build operations" [_thread_blocked, id=996, stack(0x0000000026f20000,0x0000000027020000)]
  0x000000001cf3a000 JavaThread "Cache worker for Build Output Cleanup Cache (C:\Users\user\AndroidStudioProjects\AndroidCodelabs\.gradle\buildOutputCleanup)" [_thread_blocked, id=19044, stack(0x00000000255f0000,0x00000000256f0000)]
  0x000000001cf35800 JavaThread "Cache worker for file content cache (C:\Users\user\.gradle\caches\6.5\fileContent)" [_thread_blocked, id=16780, stack(0x0000000024ef0000,0x0000000024ff0000)]
  0x000000001cf38000 JavaThread "Cache worker for execution history cache (C:\Users\user\.gradle\caches\6.5\executionHistory)" [_thread_blocked, id=13956, stack(0x00000000245f0000,0x00000000246f0000)]
  0x000000001c2a9000 JavaThread "Cache worker for cache directory md-rule (C:\Users\user\.gradle\caches\6.5\md-rule)" [_thread_blocked, id=15244, stack(0x00000000242f0000,0x00000000243f0000)]
  0x000000001c2a9800 JavaThread "Cache worker for cache directory md-supplier (C:\Users\user\.gradle\caches\6.5\md-supplier)" [_thread_blocked, id=16864, stack(0x00000000241f0000,0x00000000242f0000)]
  0x000000001c2a8000 JavaThread "Cache worker for checksums cache (C:\Users\user\AndroidStudioProjects\AndroidCodelabs\.gradle\checksums)" [_thread_blocked, id=16860, stack(0x0000000023c00000,0x0000000023d00000)]
  0x000000001cbea800 JavaThread "Cache worker for file hash cache (C:\Users\user\AndroidStudioProjects\AndroidCodelabs\.gradle\6.5\fileHashes)" [_thread_blocked, id=22304, stack(0x0000000022700000,0x0000000022800000)]
  0x000000001cbe9800 JavaThread "Cache worker for file hash cache (C:\Users\user\.gradle\caches\6.5\fileHashes)" [_thread_blocked, id=22284, stack(0x000000001ee10000,0x000000001ef10000)]
  0x000000001cbec000 JavaThread "File lock request listener" [_thread_in_native, id=20052, stack(0x000000001ed10000,0x000000001ee10000)]
  0x000000001c99b000 JavaThread "Cache worker for journal cache (C:\Users\user\.gradle\caches\journal-1)" [_thread_blocked, id=4000, stack(0x000000001ec10000,0x000000001ed10000)]
  0x000000001c8d4800 JavaThread "Thread-9" [_thread_blocked, id=16876, stack(0x000000001e910000,0x000000001ea10000)]
  0x000000001c8a4800 JavaThread "Asynchronous log dispatcher for DefaultDaemonConnection: socket connection from /127.0.0.1:50326 to /127.0.0.1:50327" [_thread_blocked, id=22292, stack(0x000000001e710000,0x000000001e810000)]
  0x000000001c8a2000 JavaThread "Daemon worker" [_thread_in_Java, id=22220, stack(0x000000001e610000,0x000000001e710000)]
  0x000000001c8b4800 JavaThread "Cancel handler" [_thread_blocked, id=22236, stack(0x000000001e510000,0x000000001e610000)]
  0x000000001c897800 JavaThread "Handler for socket connection from /127.0.0.1:50326 to /127.0.0.1:50327" [_thread_in_native, id=22232, stack(0x000000001e410000,0x000000001e510000)]
  0x000000001c83a000 JavaThread "Daemon" [_thread_blocked, id=22240, stack(0x000000001e110000,0x000000001e210000)]
  0x000000001c819800 JavaThread "Daemon periodic checks" [_thread_blocked, id=22188, stack(0x000000001e010000,0x000000001e110000)]
  0x000000001c818800 JavaThread "Incoming local TCP Connector on port 50326" [_thread_in_native, id=19556, stack(0x000000001ddd0000,0x000000001ded0000)]
  0x000000001c7e5800 JavaThread "Daemon health stats" [_thread_blocked, id=21436, stack(0x000000001d790000,0x000000001d890000)]
  0x0000000019fa6800 JavaThread "Service Thread" daemon [_thread_blocked, id=18272, stack(0x000000001abf0000,0x000000001acf0000)]
  0x0000000019f21000 JavaThread "C1 CompilerThread3" daemon [_thread_blocked, id=18240, stack(0x000000001aaf0000,0x000000001abf0000)]
  0x000000001810c800 JavaThread "C2 CompilerThread2" daemon [_thread_in_native, id=13492, stack(0x000000001a9f0000,0x000000001aaf0000)]
=>0x0000000019f13800 JavaThread "C2 CompilerThread1" daemon [_thread_in_native, id=18052, stack(0x000000001a8f0000,0x000000001a9f0000)]
  0x0000000019f12000 JavaThread "C2 CompilerThread0" daemon [_thread_blocked, id=18948, stack(0x000000001a7f0000,0x000000001a8f0000)]
  0x0000000019f11000 JavaThread "Attach Listener" daemon [_thread_blocked, id=20104, stack(0x000000001a6f0000,0x000000001a7f0000)]
  0x0000000019f10000 JavaThread "Signal Dispatcher" daemon [_thread_blocked, id=20080, stack(0x000000001a5f0000,0x000000001a6f0000)]
  0x0000000019f01800 JavaThread "Finalizer" daemon [_thread_blocked, id=15108, stack(0x000000001a3e0000,0x000000001a4e0000)]
  0x0000000019f00800 JavaThread "Reference Handler" daemon [_thread_blocked, id=19672, stack(0x000000001a2e0000,0x000000001a3e0000)]
  0x0000000002f5e000 JavaThread "main" [_thread_blocked, id=11596, stack(0x0000000002e40000,0x0000000002f40000)]

Other Threads:
  0x00000000180f8000 VMThread [stack: 0x0000000019de0000,0x0000000019ee0000] [id=22176]
  0x0000000019fa7800 WatcherThread [stack: 0x000000001acf0000,0x000000001adf0000] [id=18040]

VM state:not at safepoint (normal execution)

VM Mutex/Monitor currently owned by a thread: None

heap address: 0x0000000080000000, size: 2048 MB, Compressed Oops mode: 32-bit
Narrow klass base: 0x0000000000000000, Narrow klass shift: 3
Compressed class space size: 1073741824 Address: 0x0000000100000000

Heap:
 PSYoungGen      total 547840K, used 144958K [0x00000000d5580000, 0x00000000ff100000, 0x0000000100000000)
  eden space 528896K, 27% used [0x00000000d5580000,0x00000000de30fa60,0x00000000f5a00000)
  from space 18944K, 0% used [0x00000000f5a00000,0x00000000f5a00000,0x00000000f6c80000)
  to   space 22016K, 0% used [0x00000000fdb80000,0x00000000fdb80000,0x00000000ff100000)
 ParOldGen       total 85504K, used 31789K [0x0000000080000000, 0x0000000085380000, 0x00000000d5580000)
  object space 85504K, 37% used [0x0000000080000000,0x0000000081f0b778,0x0000000085380000)
 Metaspace       used 65799K, capacity 68436K, committed 68608K, reserved 1107968K
  class space    used 8551K, capacity 9085K, committed 9216K, reserved 1048576K

Card table byte_map: [0x0000000012420000,0x0000000012830000] byte_map_base: 0x0000000012020000

Marking Bits: (ParMarkBitMap*) 0x0000000074eaf030
 Begin Bits: [0x00000000132e0000, 0x00000000152e0000)
 End Bits:   [0x00000000152e0000, 0x00000000172e0000)

Polling page: 0x0000000001770000

CodeCache: size=245760Kb used=27194Kb max_used=27203Kb free=218565Kb
 bounds [0x0000000003060000, 0x0000000004b10000, 0x0000000012060000]
 total_blobs=8458 nmethods=7615 adapters=754
 compilation: enabled

Compilation events (10 events):
Event: 98.767 Thread 0x0000000019f12000 nmethod 9042 0x0000000004b0d550 code [0x0000000004b0d6c0, 0x0000000004b0dbd8]
Event: 98.767 Thread 0x0000000019f12000 9043       4       org.gradle.internal.reflect.PropertyAccessorType::of (95 bytes)
Event: 98.767 Thread 0x0000000019f21000 nmethod 9044 0x0000000004b0a050 code [0x0000000004b0a1a0, 0x0000000004b0a2b0]
Event: 98.767 Thread 0x0000000019f21000 9045       3       org.objectweb.asm.SymbolTable::hash (12 bytes)
Event: 98.767 Thread 0x0000000019f21000 nmethod 9045 0x0000000004b09c10 code [0x0000000004b09d80, 0x0000000004b09f88]
Event: 98.767 Thread 0x0000000019f21000 9046       3       org.objectweb.asm.SymbolTable$Entry::<init> (18 bytes)
Event: 98.767 Thread 0x0000000019f21000 nmethod 9046 0x0000000004b09810 code [0x0000000004b09980, 0x0000000004b09b48]
Event: 98.771 Thread 0x0000000019f12000 nmethod 9043 0x0000000004b08e90 code [0x0000000004b09000, 0x0000000004b09398]
Event: 98.772 Thread 0x0000000019f21000 9047       3       org.objectweb.asm.SymbolTable::addUninitializedType (103 bytes)
Event: 98.773 Thread 0x0000000019f21000 nmethod 9047 0x0000000004b0ef90 code [0x0000000004b0f160, 0x0000000004b0f8b8]

GC Heap History (10 events):
Event: 33.303 GC heap before
{Heap before GC invocations=12 (full 2):
 PSYoungGen      total 359424K, used 346736K [0x00000000d5580000, 0x00000000f2a00000, 0x0000000100000000)
  eden space 344576K, 100% used [0x00000000d5580000,0x00000000ea600000,0x00000000ea600000)
  from space 14848K, 14% used [0x00000000ea600000,0x00000000ea81c010,0x00000000eb480000)
  to   space 14848K, 0% used [0x00000000f1b80000,0x00000000f1b80000,0x00000000f2a00000)
 ParOldGen       total 85504K, used 20245K [0x0000000080000000, 0x0000000085380000, 0x00000000d5580000)
  object space 85504K, 23% used [0x0000000080000000,0x00000000813c55b0,0x0000000085380000)
 Metaspace       used 49669K, capacity 51706K, committed 51840K, reserved 1093632K
  class space    used 6377K, capacity 6778K, committed 6784K, reserved 1048576K
Event: 33.324 GC heap after
Heap after GC invocations=12 (full 2):
 PSYoungGen      total 451072K, used 14828K [0x00000000d5580000, 0x00000000f2a00000, 0x0000000100000000)
  eden space 436224K, 0% used [0x00000000d5580000,0x00000000d5580000,0x00000000eff80000)
  from space 14848K, 99% used [0x00000000f1b80000,0x00000000f29fb3e0,0x00000000f2a00000)
  to   space 18944K, 0% used [0x00000000f0500000,0x00000000f0500000,0x00000000f1780000)
 ParOldGen       total 85504K, used 25088K [0x0000000080000000, 0x0000000085380000, 0x00000000d5580000)
  object space 85504K, 29% used [0x0000000080000000,0x00000000818803f8,0x0000000085380000)
 Metaspace       used 49669K, capacity 51706K, committed 51840K, reserved 1093632K
  class space    used 6377K, capacity 6778K, committed 6784K, reserved 1048576K
}
Event: 91.756 GC heap before
{Heap before GC invocations=13 (full 2):
 PSYoungGen      total 451072K, used 451040K [0x00000000d5580000, 0x00000000f2a00000, 0x0000000100000000)
  eden space 436224K, 99% used [0x00000000d5580000,0x00000000eff7cfc8,0x00000000eff80000)
  from space 14848K, 99% used [0x00000000f1b80000,0x00000000f29fb3e0,0x00000000f2a00000)
  to   space 18944K, 0% used [0x00000000f0500000,0x00000000f0500000,0x00000000f1780000)
 ParOldGen       total 85504K, used 25088K [0x0000000080000000, 0x0000000085380000, 0x00000000d5580000)
  object space 85504K, 29% used [0x0000000080000000,0x00000000818803f8,0x0000000085380000)
 Metaspace       used 49910K, capacity 51910K, committed 52096K, reserved 1095680K
  class space    used 6377K, capacity 6778K, committed 6784K, reserved 1048576K
Event: 91.796 GC heap after
Heap after GC invocations=13 (full 2):
 PSYoungGen      total 460800K, used 11546K [0x00000000d5580000, 0x00000000f8500000, 0x0000000100000000)
  eden space 441856K, 0% used [0x00000000d5580000,0x00000000d5580000,0x00000000f0500000)
  from space 18944K, 60% used [0x00000000f0500000,0x00000000f1046988,0x00000000f1780000)
  to   space 18944K, 0% used [0x00000000f7280000,0x00000000f7280000,0x00000000f8500000)
 ParOldGen       total 85504K, used 25964K [0x0000000080000000, 0x0000000085380000, 0x00000000d5580000)
  object space 85504K, 30% used [0x0000000080000000,0x000000008195b2f0,0x0000000085380000)
 Metaspace       used 49910K, capacity 51910K, committed 52096K, reserved 1095680K
  class space    used 6377K, capacity 6778K, committed 6784K, reserved 1048576K
}
Event: 95.416 GC heap before
{Heap before GC invocations=14 (full 2):
 PSYoungGen      total 460800K, used 453402K [0x00000000d5580000, 0x00000000f8500000, 0x0000000100000000)
  eden space 441856K, 100% used [0x00000000d5580000,0x00000000f0500000,0x00000000f0500000)
  from space 18944K, 60% used [0x00000000f0500000,0x00000000f1046988,0x00000000f1780000)
  to   space 18944K, 0% used [0x00000000f7280000,0x00000000f7280000,0x00000000f8500000)
 ParOldGen       total 85504K, used 25964K [0x0000000080000000, 0x0000000085380000, 0x00000000d5580000)
  object space 85504K, 30% used [0x0000000080000000,0x000000008195b2f0,0x0000000085380000)
 Metaspace       used 49959K, capacity 51978K, committed 52096K, reserved 1095680K
  class space    used 6377K, capacity 6778K, committed 6784K, reserved 1048576K
Event: 95.424 GC heap after
Heap after GC invocations=14 (full 2):
 PSYoungGen      total 541696K, used 11848K [0x00000000d5580000, 0x00000000f7f00000, 0x0000000100000000)
  eden space 528896K, 0% used [0x00000000d5580000,0x00000000d5580000,0x00000000f5a00000)
  from space 12800K, 92% used [0x00000000f7280000,0x00000000f7e12070,0x00000000f7f00000)
  to   space 18944K, 0% used [0x00000000f5a00000,0x00000000f5a00000,0x00000000f6c80000)
 ParOldGen       total 85504K, used 25972K [0x0000000080000000, 0x0000000085380000, 0x00000000d5580000)
  object space 85504K, 30% used [0x0000000080000000,0x000000008195d2f0,0x0000000085380000)
 Metaspace       used 49959K, capacity 51978K, committed 52096K, reserved 1095680K
  class space    used 6377K, capacity 6778K, committed 6784K, reserved 1048576K
}
Event: 97.238 GC heap before
{Heap before GC invocations=15 (full 2):
 PSYoungGen      total 541696K, used 139493K [0x00000000d5580000, 0x00000000f7f00000, 0x0000000100000000)
  eden space 528896K, 24% used [0x00000000d5580000,0x00000000dd227410,0x00000000f5a00000)
  from space 12800K, 92% used [0x00000000f7280000,0x00000000f7e12070,0x00000000f7f00000)
  to   space 18944K, 0% used [0x00000000f5a00000,0x00000000f5a00000,0x00000000f6c80000)
 ParOldGen       total 85504K, used 25972K [0x0000000080000000, 0x0000000085380000, 0x00000000d5580000)
  object space 85504K, 30% used [0x0000000080000000,0x000000008195d2f0,0x0000000085380000)
 Metaspace       used 56578K, capacity 58876K, committed 59028K, reserved 1101824K
  class space    used 7181K, capacity 7655K, committed 7680K, reserved 1048576K
Event: 97.257 GC heap after
Heap after GC invocations=15 (full 2):
 PSYoungGen      total 547840K, used 18920K [0x00000000d5580000, 0x00000000ff100000, 0x0000000100000000)
  eden space 528896K, 0% used [0x00000000d5580000,0x00000000d5580000,0x00000000f5a00000)
  from space 18944K, 99% used [0x00000000f5a00000,0x00000000f6c7a0a0,0x00000000f6c80000)
  to   space 22016K, 0% used [0x00000000fdb80000,0x00000000fdb80000,0x00000000ff100000)
 ParOldGen       total 85504K, used 26353K [0x0000000080000000, 0x0000000085380000, 0x00000000d5580000)
  object space 85504K, 30% used [0x0000000080000000,0x00000000819bc5f0,0x0000000085380000)
 Metaspace       used 56578K, capacity 58876K, committed 59028K, reserved 1101824K
  class space    used 7181K, capacity 7655K, committed 7680K, reserved 1048576K
}
Event: 97.258 GC heap before
{Heap before GC invocations=16 (full 3):
 PSYoungGen      total 547840K, used 18920K [0x00000000d5580000, 0x00000000ff100000, 0x0000000100000000)
  eden space 528896K, 0% used [0x00000000d5580000,0x00000000d5580000,0x00000000f5a00000)
  from space 18944K, 99% used [0x00000000f5a00000,0x00000000f6c7a0a0,0x00000000f6c80000)
  to   space 22016K, 0% used [0x00000000fdb80000,0x00000000fdb80000,0x00000000ff100000)
 ParOldGen       total 85504K, used 26353K [0x0000000080000000, 0x0000000085380000, 0x00000000d5580000)
  object space 85504K, 30% used [0x0000000080000000,0x00000000819bc5f0,0x0000000085380000)
 Metaspace       used 56578K, capacity 58876K, committed 59028K, reserved 1101824K
  class space    used 7181K, capacity 7655K, committed 7680K, reserved 1048576K
Event: 97.446 GC heap after
Heap after GC invocations=16 (full 3):
 PSYoungGen      total 547840K, used 0K [0x00000000d5580000, 0x00000000ff100000, 0x0000000100000000)
  eden space 528896K, 0% used [0x00000000d5580000,0x00000000d5580000,0x00000000f5a00000)
  from space 18944K, 0% used [0x00000000f5a00000,0x00000000f5a00000,0x00000000f6c80000)
  to   space 22016K, 0% used [0x00000000fdb80000,0x00000000fdb80000,0x00000000ff100000)
 ParOldGen       total 85504K, used 31789K [0x0000000080000000, 0x0000000085380000, 0x00000000d5580000)
  object space 85504K, 37% used [0x0000000080000000,0x0000000081f0b778,0x0000000085380000)
 Metaspace       used 56428K, capacity 58592K, committed 59028K, reserved 1101824K
  class space    used 7142K, capacity 7602K, committed 7680K, reserved 1048576K
}

Deoptimization events (10 events):
Event: 98.154 Thread 0x000000001c8a2000 Uncommon trap: reason=class_check action=maybe_recompile pc=0x00000000044d7f20 method=com.sun.org.apache.xerces.internal.impl.XMLDocumentFragmentScannerImpl.scanDocument(Z)Z @ 117
Event: 98.154 Thread 0x000000001c8a2000 Uncommon trap: reason=class_check action=maybe_recompile pc=0x00000000045dd084 method=com.sun.org.apache.xerces.internal.impl.XMLDocumentFragmentScannerImpl.scanEndElement()I @ 145
Event: 98.154 Thread 0x000000001c8a2000 Uncommon trap: reason=null_check action=make_not_entrant pc=0x00000000044409a0 method=com.sun.org.apache.xerces.internal.dom.ElementImpl.getDefaultAttributes()Lcom/sun/org/apache/xerces/internal/dom/NamedNodeMapImpl; @ 7
Event: 98.155 Thread 0x000000001c8a2000 Uncommon trap: reason=unstable_if action=reinterpret pc=0x00000000041037cc method=com.sun.org.apache.xerces.internal.dom.NamedNodeMapImpl.findNamePoint(Ljava/lang/String;I)I @ 69
Event: 98.155 Thread 0x000000001c8a2000 Uncommon trap: reason=unstable_if action=reinterpret pc=0x0000000004659aac method=com.sun.org.apache.xerces.internal.dom.DeferredDocumentImpl.getPrevSibling(IZ)I @ 2
Event: 98.197 Thread 0x000000001c8a2000 Uncommon trap: reason=unstable_if action=reinterpret pc=0x00000000034af5b0 method=org.gradle.internal.instantiation.generator.AbstractClassGenerator$InjectionAnnotationValidator.validateMethod(Ljava/lang/reflect/Method;Lorg/gradle/internal/reflect/Propert
Event: 98.197 Thread 0x000000001c8a2000 Uncommon trap: reason=unstable_if action=reinterpret pc=0x0000000004296fa8 method=org.gradle.internal.instantiation.generator.AbstractClassGenerator$InjectionAnnotationValidator.validateMethod(Ljava/lang/reflect/Method;Lorg/gradle/internal/reflect/Propert
Event: 98.274 Thread 0x000000001c8a2000 Uncommon trap: reason=null_check action=make_not_entrant pc=0x00000000039a4e10 method=java.lang.Class.searchMethods([Ljava/lang/reflect/Method;Ljava/lang/String;[Ljava/lang/Class;)Ljava/lang/reflect/Method; @ 59
Event: 98.648 Thread 0x000000001c8a2000 Uncommon trap: reason=unstable_if action=reinterpret pc=0x0000000003eb254c method=java.security.CodeSource.hashCode()I @ 4
Event: 98.659 Thread 0x000000001c8a2000 Uncommon trap: reason=unstable_if action=reinterpret pc=0x00000000040d90d8 method=java.util.Formatter$FormatSpecifier.index(Ljava/lang/String;)I @ 1

Classes redefined (0 events):
No events

Internal exceptions (10 events):
Event: 98.311 Thread 0x000000001c8a2000 Exception <a 'java/lang/ClassNotFoundException': build_aoefjffzsmyttkkob1zxy3c7s$_run_closure1Customizer> (0x00000000db8116c0) thrown at [C:\src\AOSP-openjdk-git\hotspot\src\share\vm\classfile\systemDictionary.cpp, line 210]
Event: 98.315 Thread 0x000000001c8a2000 Exception <a 'java/lang/ClassNotFoundException': org/gradle/api/JavaVersionBeanInfo> (0x00000000db87d650) thrown at [C:\src\AOSP-openjdk-git\hotspot\src\share\vm\classfile\systemDictionary.cpp, line 210]
Event: 98.315 Thread 0x000000001c8a2000 Exception <a 'java/lang/ClassNotFoundException': java/lang/EnumBeanInfo> (0x00000000db8874a0) thrown at [C:\src\AOSP-openjdk-git\hotspot\src\share\vm\classfile\systemDictionary.cpp, line 210]
Event: 98.315 Thread 0x000000001c8a2000 Exception <a 'java/lang/ClassNotFoundException': java/lang/EnumCustomizer> (0x00000000db891748) thrown at [C:\src\AOSP-openjdk-git\hotspot\src\share\vm\classfile\systemDictionary.cpp, line 210]
Event: 98.316 Thread 0x000000001c8a2000 Exception <a 'java/lang/ClassNotFoundException': org/gradle/api/JavaVersionCustomizer> (0x00000000db8c6780) thrown at [C:\src\AOSP-openjdk-git\hotspot\src\share\vm\classfile\systemDictionary.cpp, line 210]
Event: 98.317 Thread 0x000000001c8a2000 Exception <a 'java/lang/ClassNotFoundException': com/android/build/gradle/internal/CompileOptions_DecoratedBeanInfo> (0x00000000db926c10) thrown at [C:\src\AOSP-openjdk-git\hotspot\src\share\vm\classfile\systemDictionary.cpp, line 210]
Event: 98.317 Thread 0x000000001c8a2000 Exception <a 'java/lang/ClassNotFoundException': com/android/build/gradle/internal/CompileOptionsBeanInfo> (0x00000000db941e50) thrown at [C:\src\AOSP-openjdk-git\hotspot\src\share\vm\classfile\systemDictionary.cpp, line 210]
Event: 98.317 Thread 0x000000001c8a2000 Exception <a 'java/lang/ClassNotFoundException': com/android/build/gradle/internal/CompileOptionsCustomizer> (0x00000000db95d288) thrown at [C:\src\AOSP-openjdk-git\hotspot\src\share\vm\classfile\systemDictionary.cpp, line 210]
Event: 98.318 Thread 0x000000001c8a2000 Exception <a 'java/lang/ClassNotFoundException': com/android/build/gradle/internal/CompileOptions_DecoratedCustomizer> (0x00000000db98dea8) thrown at [C:\src\AOSP-openjdk-git\hotspot\src\share\vm\classfile\systemDictionary.cpp, line 210]
Event: 98.648 Thread 0x000000001c8a2000 Implicit null exception at 0x0000000003eb2255 to 0x0000000003eb253d

Events (10 events):
Event: 98.775 loading class com/android/build/gradle/api/ApkVariantOutput
Event: 98.775 loading class com/android/build/gradle/api/ApkVariantOutput done
Event: 98.775 loading class com/android/build/gradle/internal/api/BaseVariantOutputImpl
Event: 98.775 loading class com/android/build/gradle/internal/api/BaseVariantOutputImpl done
Event: 98.776 loading class com/android/build/api/variant/impl/VariantOutputImpl
Event: 98.776 loading class com/android/build/api/variant/impl/VariantOutputImpl done
Event: 98.776 loading class com/android/build/api/variant/impl/VariantOutputImpl
Event: 98.776 loading class com/android/build/api/variant/impl/VariantOutputImpl done
Event: 98.776 loading class com/android/build/gradle/internal/dsl/VariantOutputFactory
Event: 98.776 loading class com/android/build/gradle/internal/dsl/VariantOutputFactory done


Dynamic libraries:
0x00007ff6cc960000 - 0x00007ff6cc991000 	C:\Program Files\Android\Android Studio\jre\bin\java.exe
0x00007ffd79e50000 - 0x00007ffd7a045000 	C:\WINDOWS\SYSTEM32\ntdll.dll
0x00007ffd79760000 - 0x00007ffd7981d000 	C:\WINDOWS\System32\KERNEL32.DLL
0x00007ffd777b0000 - 0x00007ffd77a78000 	C:\WINDOWS\System32\KERNELBASE.dll
0x00007ffd78fe0000 - 0x00007ffd7908c000 	C:\WINDOWS\System32\ADVAPI32.dll
0x00007ffd78a60000 - 0x00007ffd78afe000 	C:\WINDOWS\System32\msvcrt.dll
0x00007ffd79120000 - 0x00007ffd791bb000 	C:\WINDOWS\System32\sechost.dll
0x00007ffd78b60000 - 0x00007ffd78c8b000 	C:\WINDOWS\System32\RPCRT4.dll
0x00007ffd798b0000 - 0x00007ffd79a50000 	C:\WINDOWS\System32\USER32.dll
0x00007ffd77ab0000 - 0x00007ffd77ad2000 	C:\WINDOWS\System32\win32u.dll
0x00007ffd78dc0000 - 0x00007ffd78dea000 	C:\WINDOWS\System32\GDI32.dll
0x00007ffd77b30000 - 0x00007ffd77c3b000 	C:\WINDOWS\System32\gdi32full.dll
0x00007ffd77610000 - 0x00007ffd776ad000 	C:\WINDOWS\System32\msvcp_win.dll
0x00007ffd776b0000 - 0x00007ffd777b0000 	C:\WINDOWS\System32\ucrtbase.dll
0x00007ffd5d410000 - 0x00007ffd5d6aa000 	C:\WINDOWS\WinSxS\amd64_microsoft.windows.common-controls_6595b64144ccf1df_6.0.19041.844_none_ca00b6081b84eb1d\COMCTL32.dll
0x00007ffd79880000 - 0x00007ffd798b0000 	C:\WINDOWS\System32\IMM32.DLL
0x0000000074520000 - 0x00000000745f2000 	C:\Program Files\Android\Android Studio\jre\jre\bin\msvcr100.dll
0x00000000746e0000 - 0x0000000074f2b000 	C:\Program Files\Android\Android Studio\jre\jre\bin\server\jvm.dll
0x00007ffd78fd0000 - 0x00007ffd78fd8000 	C:\WINDOWS\System32\PSAPI.DLL
0x00007ffd609e0000 - 0x00007ffd60a07000 	C:\WINDOWS\SYSTEM32\WINMM.dll
0x00007ffd704c0000 - 0x00007ffd704ca000 	C:\WINDOWS\SYSTEM32\VERSION.dll
0x00007ffd52740000 - 0x00007ffd52749000 	C:\WINDOWS\SYSTEM32\WSOCK32.dll
0x00007ffd790b0000 - 0x00007ffd7911b000 	C:\WINDOWS\System32\WS2_32.dll
0x00007ffd72ea0000 - 0x00007ffd72eaf000 	C:\Program Files\Android\Android Studio\jre\jre\bin\verify.dll
0x00007ffd72e70000 - 0x00007ffd72e99000 	C:\Program Files\Android\Android Studio\jre\jre\bin\java.dll
0x00007ffd72e50000 - 0x00007ffd72e66000 	C:\Program Files\Android\Android Studio\jre\jre\bin\zip.dll
0x00007ffd77f90000 - 0x00007ffd786d2000 	C:\WINDOWS\System32\SHELL32.dll
0x00007ffd754c0000 - 0x00007ffd75c50000 	C:\WINDOWS\SYSTEM32\windows.storage.dll
0x00007ffd79ab0000 - 0x00007ffd79e05000 	C:\WINDOWS\System32\combase.dll
0x00007ffd77000000 - 0x00007ffd7702c000 	C:\WINDOWS\SYSTEM32\Wldp.dll
0x00007ffd789a0000 - 0x00007ffd78a4e000 	C:\WINDOWS\System32\SHCORE.dll
0x00007ffd78b00000 - 0x00007ffd78b55000 	C:\WINDOWS\System32\shlwapi.dll
0x00007ffd774d0000 - 0x00007ffd774ef000 	C:\WINDOWS\SYSTEM32\profapi.dll
0x00007ffd72e30000 - 0x00007ffd72e4a000 	C:\Program Files\Android\Android Studio\jre\jre\bin\net.dll
0x00007ffd76d70000 - 0x00007ffd76dda000 	C:\WINDOWS\system32\mswsock.dll
0x00007ffd72e10000 - 0x00007ffd72e23000 	C:\Program Files\Android\Android Studio\jre\jre\bin\nio.dll
0x00007ffd610b0000 - 0x00007ffd610d7000 	C:\Users\user\.gradle\native\f6784746aeab05261644944871eae4fe03e0ef1612fff0a4a95f87b438bc6780\windows-amd64\native-platform.dll
0x00007ffd72e00000 - 0x00007ffd72e0d000 	C:\Program Files\Android\Android Studio\jre\jre\bin\management.dll
0x00007ffd76f40000 - 0x00007ffd76f58000 	C:\WINDOWS\SYSTEM32\CRYPTSP.dll
0x00007ffd766a0000 - 0x00007ffd766d4000 	C:\WINDOWS\system32\rsaenh.dll
0x00007ffd77a80000 - 0x00007ffd77aa7000 	C:\WINDOWS\System32\bcrypt.dll
0x00007ffd77450000 - 0x00007ffd7747e000 	C:\WINDOWS\SYSTEM32\USERENV.dll
0x00007ffd77590000 - 0x00007ffd77610000 	C:\WINDOWS\System32\bcryptprimitives.dll
0x00007ffd76f60000 - 0x00007ffd76f6c000 	C:\WINDOWS\SYSTEM32\CRYPTBASE.dll
0x00007ffd76a10000 - 0x00007ffd76a4b000 	C:\WINDOWS\SYSTEM32\IPHLPAPI.DLL
0x00007ffd78df0000 - 0x00007ffd78df8000 	C:\WINDOWS\System32\NSI.dll
0x00007ffd6ffb0000 - 0x00007ffd6ffc7000 	C:\WINDOWS\SYSTEM32\dhcpcsvc6.DLL
0x00007ffd6fe90000 - 0x00007ffd6fead000 	C:\WINDOWS\SYSTEM32\dhcpcsvc.DLL
0x00007ffd76a50000 - 0x00007ffd76b1c000 	C:\WINDOWS\SYSTEM32\DNSAPI.dll
0x00007ffd6ffa0000 - 0x00007ffd6ffab000 	C:\WINDOWS\SYSTEM32\WINNSI.DLL
0x00007ffd711c0000 - 0x00007ffd711e4000 	C:\Program Files\Android\Android Studio\jre\jre\bin\sunec.dll
0x00000000764e0000 - 0x0000000076506000 	C:\Program Files\Bonjour\mdnsNSP.dll
0x00007ffd67dc0000 - 0x00007ffd67dca000 	C:\Windows\System32\rasadhlp.dll
0x00007ffd681e0000 - 0x00007ffd6825f000 	C:\WINDOWS\System32\fwpuclnt.dll
0x00007ffd72eb0000 - 0x00007ffd72ebb000 	C:\Program Files\Android\Android Studio\jre\jre\bin\sunmscapi.dll
0x00007ffd77c40000 - 0x00007ffd77d9f000 	C:\WINDOWS\System32\CRYPT32.dll

VM Arguments:
jvm_args: -Xmx2048m -Dfile.encoding=UTF-8 -Duser.country=US -Duser.language=en -Duser.variant 
java_command: org.gradle.launcher.daemon.bootstrap.GradleDaemon 6.5
java_class_path (initial): C:\Users\user\.gradle\wrapper\dists\gradle-6.5-bin\6nifqtx7604sqp1q6g8wikw7p\gradle-6.5\lib\gradle-launcher-6.5.jar
Launcher Type: SUN_STANDARD

Environment Variables:
JAVA_HOME=C:\Program Files\Java\jdk-16.0.1
PATH=C:\Windows\system32;C:\Windows;C:\Windows\System32\Wbem;C:\Windows\System32\WindowsPowerShell\v1.0\;C:\Windows\System32\OpenSSH\;C:\Program Files (x86)\NVIDIA Corporation\PhysX\Common;C:\Program Files\NVIDIA Corporation\NVIDIA NvDLISR;C:\Program Files\Java\jdk-16.0.1\bin;C:\WINDOWS\system32;C:\WINDOWS;C:\WINDOWS\System32\Wbem;C:\WINDOWS\System32\WindowsPowerShell\v1.0\;C:\WINDOWS\System32\OpenSSH\;C:\Program Files\Git\cmd;C:\Program Files\PuTTY\;C:\Users\user\AppData\Local\Programs\Python\Python39\Scripts\;C:\Users\user\AppData\Local\Programs\Python\Python39\;C:\Users\user\AppData\Local\Microsoft\WindowsApps;
USERNAME=user
OS=Windows_NT
PROCESSOR_IDENTIFIER=Intel64 Family 6 Model 158 Stepping 13, GenuineIntel



---------------  S Y S T E M  ---------------

OS: Windows 10.0 , 64 bit Build 19041 (10.0.19041.928)

CPU:total 8 (initial active 8) (4 cores per cpu, 2 threads per core) family 6 model 158 stepping 13, cmov, cx8, fxsr, mmx, sse, sse2, sse3, ssse3, sse4.1, sse4.2, popcnt, avx, avx2, aes, clmul, erms, 3dnowpref, lzcnt, ht, tsc, tscinvbit, bmi1, bmi2, adx

Memory: 4k page, physical 8221748k(355056k free), swap 33387572k(5560k free)

vm_info: OpenJDK 64-Bit Server VM (25.242-b01) for windows-amd64 JRE (1.8.0_242-release-1644-b01), built by "builder" with MS VC++ 10.0 (VS2010)

time: Sun May 30 14:14:54 2021
timezone: Bangladesh Standard Time
elapsed time: 98 seconds (0d 0h 1m 38s)

